<?xml version="1.0" encoding="UTF-8"?>
<testsuite name="ServiceConsumer.LibraryTest" tests="1" skipped="0" failures="0" errors="0" timestamp="2019-06-01T20:09:56" hostname="LAPTOP-DFJIPL3D" time="0.001">
  <properties/>
  <testcase name="testSomeLibraryMethod" classname="ServiceConsumer.LibraryTest" time="0.001"/>
  <system-out><![CDATA[]]></system-out>
  <system-err><![CDATA[]]></system-err>
</testsuite>
