<?xml version="1.0" encoding="UTF-8"?>
<testsuite name="com.bootcamp.bank.MockAccountTransferTest" tests="2" skipped="0" failures="0" errors="0" timestamp="2019-06-02T16:07:24" hostname="LAPTOP-DFJIPL3D" time="0.097">
  <properties/>
  <testcase name="validTransferFromCurrentToSavings" classname="com.bootcamp.bank.MockAccountTransferTest" time="0.095"/>
  <testcase name="invalidTransferFromCurrentToSavings" classname="com.bootcamp.bank.MockAccountTransferTest" time="0.001"/>
  <system-out><![CDATA[]]></system-out>
  <system-err><![CDATA[]]></system-err>
</testsuite>
